{"contracts\\DecentralizedLottery.sol":{"l":{"60":3,"61":3,"62":3,"63":3,"64":3,"65":3,"66":3,"67":3,"73":5,"74":1,"76":4,"83":6,"88":1,"93":0,"98":1,"103":0,"108":0,"113":0,"118":6,"123":0,"130":4,"131":1,"133":3,"136":3,"150":1,"151":1,"152":1,"153":1,"154":1,"155":1,"162":1,"163":1,"164":0,"171":1,"172":1,"181":1,"188":0,"189":0,"190":0,"191":0,"192":0,"193":0,"195":0,"196":0,"197":0,"198":0},"path":"C:\\blockchain projects\\Decentralized Lottery\\contracts\\DecentralizedLottery.sol","s":{"1":3,"2":3,"3":3,"4":3,"5":3,"6":3,"7":3,"8":3,"9":5,"10":6,"11":1,"12":0,"13":1,"14":0,"15":0,"16":0,"17":6,"18":0,"19":4,"20":3,"21":3,"22":1,"23":1,"24":1,"25":1,"26":1,"27":1,"28":1,"29":1,"30":1,"31":1,"32":1,"33":0,"34":0,"35":0,"36":0,"37":0,"38":0,"39":0,"40":0,"41":0},"b":{"1":[1,4],"2":[1,3],"3":[0,1],"4":[0,0]},"f":{"1":3,"2":5,"3":6,"4":1,"5":0,"6":1,"7":0,"8":0,"9":0,"10":6,"11":0,"12":4,"13":1,"14":1,"15":0},"fnMap":{"1":{"name":"constructor","line":59,"loc":{"start":{"line":52,"column":4},"end":{"line":68,"column":4}}},"2":{"name":"notEnoughEthEntered","line":72,"loc":{"start":{"line":72,"column":4},"end":{"line":77,"column":4}}},"3":{"name":"getEntranceFee","line":82,"loc":{"start":{"line":82,"column":4},"end":{"line":84,"column":4}}},"4":{"name":"getPlayer","line":87,"loc":{"start":{"line":87,"column":4},"end":{"line":89,"column":4}}},"5":{"name":"getRecentWinner","line":92,"loc":{"start":{"line":92,"column":4},"end":{"line":94,"column":4}}},"6":{"name":"getLotteryState","line":97,"loc":{"start":{"line":97,"column":4},"end":{"line":99,"column":4}}},"7":{"name":"getNumbersOfPlayers","line":102,"loc":{"start":{"line":102,"column":4},"end":{"line":104,"column":4}}},"8":{"name":"getLastTimeStamp","line":107,"loc":{"start":{"line":107,"column":4},"end":{"line":109,"column":4}}},"9":{"name":"getNumWords","line":112,"loc":{"start":{"line":112,"column":4},"end":{"line":114,"column":4}}},"10":{"name":"getInterval","line":117,"loc":{"start":{"line":117,"column":4},"end":{"line":119,"column":4}}},"11":{"name":"getRequestConfirmations","line":122,"loc":{"start":{"line":122,"column":4},"end":{"line":124,"column":4}}},"12":{"name":"enterLottery","line":129,"loc":{"start":{"line":129,"column":4},"end":{"line":137,"column":4}}},"13":{"name":"checkUpkeep","line":139,"loc":{"start":{"line":139,"column":4},"end":{"line":156,"column":4}}},"14":{"name":"performUpkeep","line":159,"loc":{"start":{"line":159,"column":4},"end":{"line":182,"column":4}}},"15":{"name":"fulfillRandomWords","line":184,"loc":{"start":{"line":184,"column":4},"end":{"line":199,"column":4}}}},"statementMap":{"1":{"start":{"line":60,"column":8},"end":{"line":60,"column":33}},"2":{"start":{"line":61,"column":8},"end":{"line":61,"column":69}},"3":{"start":{"line":62,"column":8},"end":{"line":62,"column":25}},"4":{"start":{"line":63,"column":8},"end":{"line":63,"column":39}},"5":{"start":{"line":64,"column":8},"end":{"line":64,"column":43}},"6":{"start":{"line":65,"column":8},"end":{"line":65,"column":40}},"7":{"start":{"line":66,"column":8},"end":{"line":66,"column":38}},"8":{"start":{"line":67,"column":8},"end":{"line":67,"column":27}},"9":{"start":{"line":73,"column":8},"end":{"line":73,"column":2354}},"10":{"start":{"line":83,"column":8},"end":{"line":83,"column":26}},"11":{"start":{"line":88,"column":8},"end":{"line":88,"column":32}},"12":{"start":{"line":93,"column":8},"end":{"line":93,"column":27}},"13":{"start":{"line":98,"column":8},"end":{"line":98,"column":28}},"14":{"start":{"line":103,"column":8},"end":{"line":103,"column":32}},"15":{"start":{"line":108,"column":8},"end":{"line":108,"column":28}},"16":{"start":{"line":113,"column":8},"end":{"line":113,"column":26}},"17":{"start":{"line":118,"column":8},"end":{"line":118,"column":23}},"18":{"start":{"line":123,"column":8},"end":{"line":123,"column":36}},"19":{"start":{"line":130,"column":8},"end":{"line":130,"column":3819}},"20":{"start":{"line":133,"column":8},"end":{"line":133,"column":43}},"21":{"start":{"line":136,"column":8},"end":{"line":136,"column":37}},"22":{"start":{"line":150,"column":8},"end":{"line":150,"column":58}},"23":{"start":{"line":151,"column":8},"end":{"line":151,"column":72}},"24":{"start":{"line":152,"column":8},"end":{"line":152,"column":49}},"25":{"start":{"line":153,"column":8},"end":{"line":153,"column":51}},"26":{"start":{"line":154,"column":8},"end":{"line":154,"column":72}},"27":{"start":{"line":155,"column":8},"end":{"line":155,"column":36}},"28":{"start":{"line":162,"column":8},"end":{"line":162,"column":47}},"29":{"start":{"line":163,"column":8},"end":{"line":163,"column":4824}},"30":{"start":{"line":171,"column":8},"end":{"line":171,"column":47}},"31":{"start":{"line":172,"column":8},"end":{"line":172,"column":5097}},"32":{"start":{"line":181,"column":8},"end":{"line":181,"column":40}},"33":{"start":{"line":188,"column":8},"end":{"line":188,"column":58}},"34":{"start":{"line":189,"column":8},"end":{"line":189,"column":57}},"35":{"start":{"line":190,"column":8},"end":{"line":190,"column":35}},"36":{"start":{"line":191,"column":8},"end":{"line":191,"column":78}},"37":{"start":{"line":192,"column":8},"end":{"line":192,"column":5770}},"38":{"start":{"line":195,"column":8},"end":{"line":195,"column":39}},"39":{"start":{"line":196,"column":8},"end":{"line":196,"column":40}},"40":{"start":{"line":197,"column":8},"end":{"line":197,"column":44}},"41":{"start":{"line":198,"column":8},"end":{"line":198,"column":38}}},"branchMap":{"1":{"line":73,"type":"if","locations":[{"start":{"line":73,"column":8},"end":{"line":73,"column":8}},{"start":{"line":73,"column":8},"end":{"line":73,"column":8}}]},"2":{"line":130,"type":"if","locations":[{"start":{"line":130,"column":8},"end":{"line":130,"column":8}},{"start":{"line":130,"column":8},"end":{"line":130,"column":8}}]},"3":{"line":163,"type":"if","locations":[{"start":{"line":163,"column":8},"end":{"line":163,"column":8}},{"start":{"line":163,"column":8},"end":{"line":163,"column":8}}]},"4":{"line":192,"type":"if","locations":[{"start":{"line":192,"column":8},"end":{"line":192,"column":8}},{"start":{"line":192,"column":8},"end":{"line":192,"column":8}}]}}},"contracts\\test\\VRFCoordinatorV2Mock.sol":{"l":{},"path":"C:\\blockchain projects\\Decentralized Lottery\\contracts\\test\\VRFCoordinatorV2Mock.sol","s":{},"b":{},"f":{},"fnMap":{},"statementMap":{},"branchMap":{}}}