TN:
SF:C:\blockchain projects\Decentralized Lottery\contracts\DecentralizedLottery.sol
FN:59,constructor
FN:72,notEnoughEthEntered
FN:82,getEntranceFee
FN:87,getPlayer
FN:92,getRecentWinner
FN:97,getLotteryState
FN:102,getNumbersOfPlayers
FN:107,getLastTimeStamp
FN:112,getNumWords
FN:117,getInterval
FN:122,getRequestConfirmations
FN:129,enterLottery
FN:139,checkUpkeep
FN:159,performUpkeep
FN:184,fulfillRandomWords
FNF:15
FNH:9
FNDA:3,constructor
FNDA:5,notEnoughEthEntered
FNDA:6,getEntranceFee
FNDA:1,getPlayer
FNDA:0,getRecentWinner
FNDA:1,getLotteryState
FNDA:0,getNumbersOfPlayers
FNDA:0,getLastTimeStamp
FNDA:0,getNumWords
FNDA:6,getInterval
FNDA:0,getRequestConfirmations
FNDA:4,enterLottery
FNDA:1,checkUpkeep
FNDA:1,performUpkeep
FNDA:0,fulfillRandomWords
DA:60,3
DA:61,3
DA:62,3
DA:63,3
DA:64,3
DA:65,3
DA:66,3
DA:67,3
DA:73,5
DA:74,1
DA:76,4
DA:83,6
DA:88,1
DA:93,0
DA:98,1
DA:103,0
DA:108,0
DA:113,0
DA:118,6
DA:123,0
DA:130,4
DA:131,1
DA:133,3
DA:136,3
DA:150,1
DA:151,1
DA:152,1
DA:153,1
DA:154,1
DA:155,1
DA:162,1
DA:163,1
DA:164,0
DA:171,1
DA:172,1
DA:181,1
DA:188,0
DA:189,0
DA:190,0
DA:191,0
DA:192,0
DA:193,0
DA:195,0
DA:196,0
DA:197,0
DA:198,0
LF:46
LH:30
BRDA:73,1,0,1
BRDA:73,1,1,4
BRDA:130,2,0,1
BRDA:130,2,1,3
BRDA:163,3,0,0
BRDA:163,3,1,1
BRDA:192,4,0,0
BRDA:192,4,1,0
BRF:8
BRH:5
end_of_record
TN:
SF:C:\blockchain projects\Decentralized Lottery\contracts\test\VRFCoordinatorV2Mock.sol
FNF:0
FNH:0
LF:0
LH:0
BRF:0
BRH:0
end_of_record
